2025-08-29 14:45:39,543 - __main__ - INFO - Pipeline initialized successfully
2025-08-29 14:45:39,543 - __main__ - INFO - STARTING DIABETES READMISSION PREDICTION PIPELINE
2025-08-29 14:45:39,544 - __main__ - INFO - ================================================================================
2025-08-29 14:45:39,544 - __main__ - INFO - ============================================================
2025-08-29 14:45:39,544 - __main__ - INFO - STEP 1: Dataset Analysis & Preprocessing
2025-08-29 14:45:39,544 - __main__ - INFO - ============================================================
2025-08-29 14:45:40,106 - preprocessing.data_cleaner - INFO - Data loaded successfully. Shape: (101766, 50)
2025-08-29 14:45:40,107 - __main__ - INFO - Dataset shape: (101766, 50)
2025-08-29 14:45:40,294 - __main__ - INFO - Missing values per column:
encounter_id                    0
patient_nbr                     0
race                            0
gender                          0
age                             0
weight                          0
admission_type_id               0
discharge_disposition_id        0
admission_source_id             0
time_in_hospital                0
payer_code                      0
medical_specialty               0
num_lab_procedures              0
num_procedures                  0
num_medications                 0
number_outpatient               0
number_emergency                0
number_inpatient                0
diag_1                          0
diag_2                          0
diag_3                          0
number_diagnoses                0
max_glu_serum               96420
A1Cresult                   84748
metformin                       0
repaglinide                     0
nateglinide                     0
chlorpropamide                  0
glimepiride                     0
acetohexamide                   0
glipizide                       0
glyburide                       0
tolbutamide                     0
pioglitazone                    0
rosiglitazone                   0
acarbose                        0
miglitol                        0
troglitazone                    0
tolazamide                      0
examide                         0
citoglipton                     0
insulin                         0
glyburide-metformin             0
glipizide-metformin             0
glimepiride-pioglitazone        0
metformin-rosiglitazone         0
metformin-pioglitazone          0
change                          0
diabetesMed                     0
readmitted                      0
dtype: int64
2025-08-29 14:45:40,304 - __main__ - INFO - Target variable distribution:
readmitted
NO     54864
>30    35545
<30    11357
Name: count, dtype: int64
2025-08-29 14:45:40,507 - preprocessing.data_cleaner - INFO - Dropping columns with >50.0% missing: ['max_glu_serum', 'A1Cresult']
2025-08-29 14:45:48,847 - __main__ - INFO - Processed data saved to: data/processed/cleaned_data.csv
2025-08-29 14:45:48,847 - __main__ - INFO - Final dataset shape: (101766, 75)
2025-08-29 14:45:48,882 - __main__ - INFO - ============================================================
2025-08-29 14:45:48,882 - __main__ - INFO - STEP 2: Feature Selection
2025-08-29 14:45:48,883 - __main__ - INFO - ============================================================
2025-08-29 14:45:48,931 - __main__ - INFO - Running statistical feature selection...
2025-08-29 14:45:49,364 - feature_selection.statistical_selection - INFO - F-test selection: 20 features selected
2025-08-29 14:46:31,589 - feature_selection.statistical_selection - INFO - Mutual info selection: 20 features selected
2025-08-29 14:46:31,598 - __main__ - INFO - Running model-based feature selection...
2025-08-29 14:46:35,638 - feature_selection.model_based_selection - INFO - Random Forest selection: 24 features selected
2025-08-29 14:46:38,034 - feature_selection.model_based_selection - INFO - XGBoost selection: 43 features selected
2025-08-29 14:46:39,519 - feature_selection.model_based_selection - INFO - Logistic Regression selection: 50 features selected
2025-08-29 14:46:39,530 - feature_selection.model_based_selection - INFO - Ensemble model selection: 20 features selected
2025-08-29 14:46:39,542 - __main__ - INFO - Running SHAP-based feature selection...
2025-08-29 14:46:39,542 - __main__ - ERROR - Pipeline execution failed: name 'RandomForestClassifier' is not defined
